<?xml version="1.0" encoding="UTF-8"?>
<!-- Generated by org.testng.reporters.JUnitXMLReporter -->
<testsuite ignored="0" hostname="MO-DESKTOP-" failures="0" tests="1" name="Test" time="1.917" errors="0" timestamp="2022-02-13T05:45:57 EET">
  <testcase classname="webpagestest.TestBase" name="@BeforeSuite startdriver" time="-1.644723955303E9">
    <failure type="org.testng.TestNGException" message="
Parameter &amp;apos;browser&amp;apos; is required by BeforeSuite on method startdriver but has not been marked @Optional or defined
in C:\Users\mhela\eclipse-workspace\project\testng.xml">
      <![CDATA[org.testng.TestNGException: 
Parameter 'browser' is required by BeforeSuite on method startdriver but has not been marked @Optional or defined
in C:\Users\mhela\eclipse-workspace\project\testng.xml
... Removed 16 stack frames]]>
    </failure>
  </testcase> <!-- @BeforeSuite startdriver -->
  <testcase classname="webpagestest.createnewaccounttest" name="createtest" time="0.0">
    <skipped/>
  </testcase> <!-- createtest -->
</testsuite> <!-- Test -->
